[debug] [2025-05-15T12:31:52.587Z] ----------------------------------------------------------------------
[debug] [2025-05-15T12:31:52.591Z] Command:       C:\Program Files\nodejs\node.exe C:\Users\msu-wone\AppData\Roaming\npm\node_modules\firebase-tools\lib\bin\firebase.js init
[debug] [2025-05-15T12:31:52.591Z] CLI Version:   13.15.2
[debug] [2025-05-15T12:31:52.592Z] Platform:      win32
[debug] [2025-05-15T12:31:52.592Z] Node Version:  v20.15.1
[debug] [2025-05-15T12:31:52.592Z] Time:          Thu May 15 2025 20:31:52 GMT+0800 (China Standard Time)
[debug] [2025-05-15T12:31:52.592Z] ----------------------------------------------------------------------
[debug] 
[debug] [2025-05-15T12:31:52.596Z] >>> [apiv2][query] GET https://firebase-public.firebaseio.com/cli.json [none]
[debug] [2025-05-15T12:31:52.896Z] > command requires scopes: ["email","openid","https://www.googleapis.com/auth/cloudplatformprojects.readonly","https://www.googleapis.com/auth/firebase","https://www.googleapis.com/auth/cloud-platform"]
[debug] [2025-05-15T12:31:52.897Z] > authorizing via signed-in user (mohaymenomar13@gmail.com)
[info] 
     ######## #### ########  ######## ########     ###     ######  ########
     ##        ##  ##     ## ##       ##     ##  ##   ##  ##       ##
     ######    ##  ########  ######   ########  #########  ######  ######
     ##        ##  ##    ##  ##       ##     ## ##     ##       ## ##
     ##       #### ##     ## ######## ########  ##     ##  ######  ########

You're about to initialize a Firebase project in this directory:

  C:\xampp\htdocs\q-attendance-forked

Before we get started, keep in mind:

  * You are currently outside your home directory
  * You are initializing within an existing Firebase project directory

[debug] [2025-05-15T12:31:53.468Z] <<< [apiv2][status] GET https://firebase-public.firebaseio.com/cli.json 200
[debug] [2025-05-15T12:31:53.468Z] <<< [apiv2][body] GET https://firebase-public.firebaseio.com/cli.json {"cloudBuildErrorAfter":1594252800000,"cloudBuildWarnAfter":1590019200000,"defaultNode10After":1594252800000,"minVersion":"3.0.5","node8DeploysDisabledAfter":1613390400000,"node8RuntimeDisabledAfter":1615809600000,"node8WarnAfter":1600128000000}
[info] 
=== Project Setup
[info] 
[info] First, let's associate this project directory with a Firebase project.
[info] You can create multiple project aliases by running firebase use --add, 
[info] but for now we'll just set up a default project.
[info] 
[debug] [2025-05-15T12:32:30.038Z] Using project from CLI flag: linen-walker-360706
[debug] [2025-05-15T12:32:30.039Z] > refreshing access token with scopes: []
[debug] [2025-05-15T12:32:30.041Z] >>> [apiv2][query] POST https://www.googleapis.com/oauth2/v3/token [none]
[debug] [2025-05-15T12:32:30.041Z] >>> [apiv2][body] POST https://www.googleapis.com/oauth2/v3/token [omitted]
[debug] [2025-05-15T12:32:30.482Z] <<< [apiv2][status] POST https://www.googleapis.com/oauth2/v3/token 200
[debug] [2025-05-15T12:32:30.482Z] <<< [apiv2][body] POST https://www.googleapis.com/oauth2/v3/token [omitted]
[debug] [2025-05-15T12:32:30.494Z] >>> [apiv2][query] GET https://firebase.googleapis.com/v1beta1/projects/linen-walker-360706 [none]
[debug] [2025-05-15T12:32:31.037Z] <<< [apiv2][status] GET https://firebase.googleapis.com/v1beta1/projects/linen-walker-360706 403
[debug] [2025-05-15T12:32:31.037Z] <<< [apiv2][body] GET https://firebase.googleapis.com/v1beta1/projects/linen-walker-360706 {"error":{"code":403,"message":"The caller does not have permission","status":"PERMISSION_DENIED"}}
[debug] [2025-05-15T12:32:31.038Z] HTTP Error: 403, The caller does not have permission
[debug] [2025-05-15T12:32:31.039Z] FirebaseError: HTTP Error: 403, The caller does not have permission
    at responseToError (C:\Users\msu-wone\AppData\Roaming\npm\node_modules\firebase-tools\lib\responseToError.js:49:12)
    at RetryOperation._fn (C:\Users\msu-wone\AppData\Roaming\npm\node_modules\firebase-tools\lib\apiv2.js:305:77)
    at process.processTicksAndRejections (node:internal/process/task_queues:95:5)
[error] 
[error] Error: Failed to get Firebase project linen-walker-360706. Please make sure the project exists and your account has permission to access it.
